Using pre-set license
Built from '2020.3/staging' branch; Version is '2020.3.37f1 (8c66806a0c04) revision 9201280'; Using compiler version '192528614'; Build Type 'Release'
OS: 'Windows 10  (10.0.19044) 64bit Professional' Language: 'ko' Physical Memory: 32657 MB
BatchMode: 1, IsHumanControllingUs: 0, StartBugReporterOnCrash: 0, Is64bit: 1, IsPro: 0

COMMAND LINE ARGUMENTS:
C:\Program Files\Unity\Hub\Editor\2020.3.37f1\Editor\Unity.exe
-adb2
-batchMode
-noUpm
-name
AssetImportWorker0
-projectPath
C:/Users/PC/Desktop/SeulHee/School/XRProj/XR_AutonomousCarProj
-logFile
Logs/AssetImportWorker0.log
-srvPort
57907
Successfully changed project path to: C:/Users/PC/Desktop/SeulHee/School/XRProj/XR_AutonomousCarProj
C:/Users/PC/Desktop/SeulHee/School/XRProj/XR_AutonomousCarProj
Using Asset Import Pipeline V2.
Refreshing native plugins compatible for Editor in 31.89 ms, found 2 plugins.
Preloading 0 native plugins for Editor in 0.00 ms.
Initialize engine version: 2020.3.37f1 (8c66806a0c04)
[Subsystems] Discovering subsystems at path C:/Program Files/Unity/Hub/Editor/2020.3.37f1/Editor/Data/Resources/UnitySubsystems
[Subsystems] Discovering subsystems at path C:/Users/PC/Desktop/SeulHee/School/XRProj/XR_AutonomousCarProj/Assets
GfxDevice: creating device client; threaded=0
Direct3D:
    Version:  Direct3D 11.0 [level 11.1]
    Renderer: NVIDIA GeForce RTX 3080 (ID=0x2206)
    Vendor:   
    VRAM:     10077 MB
    Driver:   30.0.15.1215
Initialize mono
Mono path[0] = 'C:/Program Files/Unity/Hub/Editor/2020.3.37f1/Editor/Data/Managed'
Mono path[1] = 'C:/Program Files/Unity/Hub/Editor/2020.3.37f1/Editor/Data/MonoBleedingEdge/lib/mono/unityjit'
Mono config path = 'C:/Program Files/Unity/Hub/Editor/2020.3.37f1/Editor/Data/MonoBleedingEdge/etc'
Using monoOptions --debugger-agent=transport=dt_socket,embedding=1,server=y,suspend=n,address=127.0.0.1:56104
Begin MonoManager ReloadAssembly
Registering precompiled unity dll's ...
Register platform support module: C:/Program Files/Unity/Hub/Editor/2020.3.37f1/Editor/Data/PlaybackEngines/WindowsStandaloneSupport/UnityEditor.WindowsStandalone.Extensions.dll
Registered in 0.002777 seconds.
Native extension for WindowsStandalone target not found
Refreshing native plugins compatible for Editor in 30.81 ms, found 2 plugins.
Preloading 0 native plugins for Editor in 0.00 ms.
Mono: successfully reloaded assembly
- Completed reload, in  0.474 seconds
Domain Reload Profiling:
	ReloadAssembly (474ms)
		BeginReloadAssembly (66ms)
			ExecutionOrderSort (0ms)
			DisableScriptedObjects (0ms)
			BackupInstance (0ms)
			ReleaseScriptingObjects (0ms)
			CreateAndSetChildDomain (1ms)
		EndReloadAssembly (346ms)
			LoadAssemblies (63ms)
			RebuildTransferFunctionScriptingTraits (0ms)
			SetupTypeCache (116ms)
			ReleaseScriptCaches (0ms)
			RebuildScriptCaches (22ms)
			SetupLoadedEditorAssemblies (122ms)
				LogAssemblyErrors (0ms)
				InitializePlatformSupportModulesInManaged (3ms)
				SetLoadedEditorAssemblies (0ms)
				RefreshPlugins (31ms)
				BeforeProcessingInitializeOnLoad (7ms)
				ProcessInitializeOnLoadAttributes (60ms)
				ProcessInitializeOnLoadMethodAttributes (21ms)
				AfterProcessingInitializeOnLoad (0ms)
				EditorAssembliesLoaded (0ms)
			ExecutionOrderSort2 (0ms)
			AwakeInstancesAfterBackupRestoration (0ms)
Platform modules already initialized, skipping
Registering precompiled user dll's ...
Registered in 0.003715 seconds.
Begin MonoManager ReloadAssembly
Native extension for WindowsStandalone target not found
Refreshing native plugins compatible for Editor in 0.33 ms, found 2 plugins.
Preloading 0 native plugins for Editor in 0.00 ms.
Mono: successfully reloaded assembly
- Completed reload, in  0.791 seconds
Domain Reload Profiling:
	ReloadAssembly (791ms)
		BeginReloadAssembly (132ms)
			ExecutionOrderSort (0ms)
			DisableScriptedObjects (4ms)
			BackupInstance (0ms)
			ReleaseScriptingObjects (0ms)
			CreateAndSetChildDomain (13ms)
		EndReloadAssembly (606ms)
			LoadAssemblies (91ms)
			RebuildTransferFunctionScriptingTraits (0ms)
			SetupTypeCache (209ms)
			ReleaseScriptCaches (0ms)
			RebuildScriptCaches (31ms)
			SetupLoadedEditorAssemblies (230ms)
				LogAssemblyErrors (0ms)
				InitializePlatformSupportModulesInManaged (4ms)
				SetLoadedEditorAssemblies (0ms)
				RefreshPlugins (0ms)
				BeforeProcessingInitializeOnLoad (48ms)
				ProcessInitializeOnLoadAttributes (158ms)
				ProcessInitializeOnLoadMethodAttributes (11ms)
				AfterProcessingInitializeOnLoad (9ms)
				EditorAssembliesLoaded (0ms)
			ExecutionOrderSort2 (0ms)
			AwakeInstancesAfterBackupRestoration (1ms)
Platform modules already initialized, skipping
========================================================================
Worker process is ready to serve import requests
Launched and connected shader compiler UnityShaderCompiler.exe after 0.03 seconds
Refreshing native plugins compatible for Editor in 0.31 ms, found 2 plugins.
Preloading 0 native plugins for Editor in 0.00 ms.
Unloading 1527 Unused Serialized files (Serialized files now loaded: 0)
System memory in use before: 74.0 MB.
System memory in use after: 74.1 MB.

Unloading 16 unused Assets to reduce memory usage. Loaded Objects now: 1973.
Total: 1.806700 ms (FindLiveObjects: 0.089400 ms CreateObjectMapping: 0.041800 ms MarkObjects: 1.632500 ms  DeleteObjects: 0.042500 ms)

AssetImportParameters requested are different than current active one (requested -> active):
  custom:framework-win-MediaFoundation: 216162199b28c13a410421893ffa2e32 -> 
  custom:video-decoder-ogg-theora: a1e56fd34408186e4bbccfd4996cb3dc -> 
  custom:container-muxer-webm: aa71ff27fc2769a1b78a27578f13a17b -> 
  custom:container-demuxer-webm: 4f35f7cbe854078d1ac9338744f61a02 -> 
  custom:container-demuxer-ogg: 62fdf1f143b41e24485cea50d1cbac27 -> 
  custom:video-encoder-webm-vp8: eb34c28f22e8b96e1ab97ce403110664 -> 
  custom:video-decoder-webm-vp8: 9c59270c3fd7afecdb556c50c9e8de78 -> 
  custom:audio-decoder-ogg-vorbis: bf7c407c2cedff20999df2af8eb42d56 -> 
  custom:audio-encoder-webm-vorbis: bf7c407c2cedff20999df2af8eb42d56 -> 
========================================================================
Received Import Request.
  path: Assets/City/grass.mat
  artifactKey: Guid(78d8fbf39be2eb5448babdaf2b72e11e) Importer(815301076,1909f56bfc062723c751e8b465ee728b)
Start importing Assets/City/grass.mat using Guid(78d8fbf39be2eb5448babdaf2b72e11e) Importer(815301076,1909f56bfc062723c751e8b465ee728b)  -> (artifact id: '8c9a4bd470235df237b3542298f60057') in 0.084060 seconds 
========================================================================
Received Import Request.
  Time since last request: 3.893015 seconds.
  path: Assets/Final Form Studio
  artifactKey: Guid(348972de164695e4daa47d019f0e642b) Importer(815301076,1909f56bfc062723c751e8b465ee728b)
Start importing Assets/Final Form Studio using Guid(348972de164695e4daa47d019f0e642b) Importer(815301076,1909f56bfc062723c751e8b465ee728b)  -> (artifact id: 'e1002c1cbe02afc478fdb1c7cb2f2740') in 0.005127 seconds 
========================================================================
Received Import Request.
  Time since last request: 3.214616 seconds.
  path: Assets/PROMETEO - Car Controller
  artifactKey: Guid(d150aa86f8b15f44d98be0517f551d4e) Importer(815301076,1909f56bfc062723c751e8b465ee728b)
Start importing Assets/PROMETEO - Car Controller using Guid(d150aa86f8b15f44d98be0517f551d4e) Importer(815301076,1909f56bfc062723c751e8b465ee728b)  -> (artifact id: '1dfbe97f5e7e434bf180192eb0e2b09a') in 0.005109 seconds 
========================================================================
Received Import Request.
  Time since last request: 5.430658 seconds.
  path: Assets/Scenes/SampleScene.unity
  artifactKey: Guid(9fc0d4010bbf28b4594072e72b8655ab) Importer(815301076,1909f56bfc062723c751e8b465ee728b)
Start importing Assets/Scenes/SampleScene.unity using Guid(9fc0d4010bbf28b4594072e72b8655ab) Importer(815301076,1909f56bfc062723c751e8b465ee728b)  -> (artifact id: '61a64fab02e800e7373f5bd6c537276f') in 0.005227 seconds 
========================================================================
Received Import Request.
  Time since last request: 20.536416 seconds.
  path: Assets/City/Scene/CarAITest.unity
  artifactKey: Guid(198780f7861e3dc42ab7eb0cfc4fff3f) Importer(815301076,1909f56bfc062723c751e8b465ee728b)
Start importing Assets/City/Scene/CarAITest.unity using Guid(198780f7861e3dc42ab7eb0cfc4fff3f) Importer(815301076,1909f56bfc062723c751e8b465ee728b)  -> (artifact id: '654f060ed3e263865b7fb991409b5507') in 0.012188 seconds 
========================================================================
Received Import Request.
  Time since last request: 2.468101 seconds.
  path: Assets/City/Scene/Dawn.unity
  artifactKey: Guid(adf0c4c78f858af46a2d1b12369d8292) Importer(815301076,1909f56bfc062723c751e8b465ee728b)
Start importing Assets/City/Scene/Dawn.unity using Guid(adf0c4c78f858af46a2d1b12369d8292) Importer(815301076,1909f56bfc062723c751e8b465ee728b)  -> (artifact id: 'd7fdae59798a480baad55b3c4e5fedec') in 0.005947 seconds 
========================================================================
Received Import Request.
  Time since last request: 2.288406 seconds.
  path: Assets/City/Scene/Night.unity
  artifactKey: Guid(73a1fcc5f9366154ba4cc37af68fe565) Importer(815301076,1909f56bfc062723c751e8b465ee728b)
Start importing Assets/City/Scene/Night.unity using Guid(73a1fcc5f9366154ba4cc37af68fe565) Importer(815301076,1909f56bfc062723c751e8b465ee728b)  -> (artifact id: '896ec99d9f7da2c4e43b03640573607f') in 0.005364 seconds 
========================================================================
Received Import Request.
  Time since last request: 19.966610 seconds.
  path: Assets/City/Scene/Overcast.unity
  artifactKey: Guid(26f9a2418c0ffe34f9892c1bf61c2997) Importer(815301076,1909f56bfc062723c751e8b465ee728b)
Start importing Assets/City/Scene/Overcast.unity using Guid(26f9a2418c0ffe34f9892c1bf61c2997) Importer(815301076,1909f56bfc062723c751e8b465ee728b)  -> (artifact id: 'ed504d08aa0ce8ca8caa19084dd8b100') in 0.005252 seconds 
========================================================================
Received Import Request.
  Time since last request: 2.868342 seconds.
  path: Assets/City/Scene/Sunny.unity
  artifactKey: Guid(9ab5c51b5443d184d8ce328bb848147c) Importer(815301076,1909f56bfc062723c751e8b465ee728b)
Start importing Assets/City/Scene/Sunny.unity using Guid(9ab5c51b5443d184d8ce328bb848147c) Importer(815301076,1909f56bfc062723c751e8b465ee728b)  -> (artifact id: 'c1f55523cc7615ef3a9354c29a269007') in 0.004931 seconds 
========================================================================
Received Import Request.
  Time since last request: 3.080521 seconds.
  path: Assets/City/Scene/Sunset.unity
  artifactKey: Guid(8868e40f16b2cde4aad74d9db4299440) Importer(815301076,1909f56bfc062723c751e8b465ee728b)
Start importing Assets/City/Scene/Sunset.unity using Guid(8868e40f16b2cde4aad74d9db4299440) Importer(815301076,1909f56bfc062723c751e8b465ee728b)  -> (artifact id: '2e8862387fc0a27ff72374f3dd9a2fc9') in 0.005211 seconds 
========================================================================
Received Import Request.
  Time since last request: 2.935271 seconds.
  path: Assets/City/Scene/Dawn
  artifactKey: Guid(6db5be2e63fe395488e54d2676f11093) Importer(815301076,1909f56bfc062723c751e8b465ee728b)
Start importing Assets/City/Scene/Dawn using Guid(6db5be2e63fe395488e54d2676f11093) Importer(815301076,1909f56bfc062723c751e8b465ee728b)  -> (artifact id: '0c6396f576de67da54081681f037685b') in 0.005471 seconds 
========================================================================
Received Import Request.
  Time since last request: 2.931702 seconds.
  path: Assets/City/Scene/Night
  artifactKey: Guid(fe7c8786505ded148abc74c62f5024f1) Importer(815301076,1909f56bfc062723c751e8b465ee728b)
Start importing Assets/City/Scene/Night using Guid(fe7c8786505ded148abc74c62f5024f1) Importer(815301076,1909f56bfc062723c751e8b465ee728b)  -> (artifact id: 'c61925d879639ac38b0700620c825c58') in 0.007048 seconds 
========================================================================
Received Import Request.
  Time since last request: 3.692618 seconds.
  path: Assets/City/Scene/Overcast
  artifactKey: Guid(28e4d31af8188c048bafdf3b8052575a) Importer(815301076,1909f56bfc062723c751e8b465ee728b)
Start importing Assets/City/Scene/Overcast using Guid(28e4d31af8188c048bafdf3b8052575a) Importer(815301076,1909f56bfc062723c751e8b465ee728b)  -> (artifact id: 'd8f8a458dc048729f879b52945a205ec') in 0.005666 seconds 
========================================================================
Received Import Request.
  Time since last request: 3.617475 seconds.
  path: Assets/City/Scene/Sunny
  artifactKey: Guid(e3a0661cbc1284c4582a2e9f3519aa39) Importer(815301076,1909f56bfc062723c751e8b465ee728b)
Start importing Assets/City/Scene/Sunny using Guid(e3a0661cbc1284c4582a2e9f3519aa39) Importer(815301076,1909f56bfc062723c751e8b465ee728b)  -> (artifact id: '0fb40c4bbb7fd543018180bc390c810c') in 0.006135 seconds 
========================================================================
Received Import Request.
  Time since last request: 3.241280 seconds.
  path: Assets/City/Scene/Sunset
  artifactKey: Guid(9d055aa2dda3cd940963d941e096bce8) Importer(815301076,1909f56bfc062723c751e8b465ee728b)
Start importing Assets/City/Scene/Sunset using Guid(9d055aa2dda3cd940963d941e096bce8) Importer(815301076,1909f56bfc062723c751e8b465ee728b)  -> (artifact id: 'b442de48441485019197b17e6630b700') in 0.005557 seconds 
========================================================================
Received Import Request.
  Time since last request: 85.204975 seconds.
  path: Assets/CarAITest/Plane.mat
  artifactKey: Guid(7d5cadc503e434345b117fe64337e3ee) Importer(815301076,1909f56bfc062723c751e8b465ee728b)
Start importing Assets/CarAITest/Plane.mat using Guid(7d5cadc503e434345b117fe64337e3ee) Importer(815301076,1909f56bfc062723c751e8b465ee728b)  -> (artifact id: 'f9db0e6f99562a146c1d2e537ff4ff6a') in 0.011913 seconds 
AssetImportWorkerClient::OnTransportError - code=2 error=End of file
